#
# There is insufficient memory for the Java Runtime Environment to continue.
# Native memory allocation (mmap) failed to map 266338304 bytes for G1 virtual space
# Possible reasons:
#   The system is out of physical RAM or swap space
#   The process is running with CompressedOops enabled, and the Java Heap may be blocking the growth of the native heap
# Possible solutions:
#   Reduce memory load on the system
#   Increase physical memory or swap space
#   Check if swap backing store is full
#   Decrease Java heap size (-Xmx/-Xms)
#   Decrease number of Java threads
#   Decrease Java thread stack sizes (-Xss)
#   Set larger code cache with -XX:ReservedCodeCacheSize=
#   JVM is running with Zero Based Compressed Oops mode in which the Java heap is
#     placed in the first 32GB address space. The Java Heap base address is the
#     maximum limit for the native heap growth. Please use -XX:HeapBaseMinAddress
#     to set the Java Heap base and to place the Java Heap above 32GB virtual address.
# This output file may be truncated or incomplete.
#
#  Out of Memory Error (os_windows.cpp:3548), pid=42160, tid=42076
#
# JRE version:  (17.0.12+8) (build )
# Java VM: Java HotSpot(TM) 64-Bit Server VM (17.0.12+8-LTS-286, mixed mode, sharing, tiered, compressed oops, compressed class ptrs, g1 gc, windows-amd64)
# No core dump will be written. Minidumps are not enabled by default on client versions of Windows
#

---------------  S U M M A R Y ------------

Command Line: -Dfile.encoding=UTF-8 --module-path=C:\Users\UDIT\OneDrive\Dokumen\NetBeansProjects\travel management system\build\classes travel.management.system.Login

Host: AMD Ryzen 7 7435HS                             , 16 cores, 15G,  Windows 11 , 64 bit Build 26100 (10.0.26100.3775)
Time: Sun Apr 20 17:02:31 2025 India Standard Time elapsed time: 1.046287 seconds (0d 0h 0m 1s)

---------------  T H R E A D  ---------------

Current thread (0x000001f748f5f6c0):  JavaThread "Unknown thread" [_thread_in_vm, id=42076, stack(0x000000404f200000,0x000000404f300000)]

Stack: [0x000000404f200000,0x000000404f300000]
Native frames: (J=compiled Java code, j=interpreted, Vv=VM code, C=native code)
V  [jvm.dll+0x67a04a]
V  [jvm.dll+0x7da4ed]
V  [jvm.dll+0x7dbe33]
V  [jvm.dll+0x7dc4a3]
V  [jvm.dll+0x24508f]
V  [jvm.dll+0x677089]
V  [jvm.dll+0x66bd32]
V  [jvm.dll+0x301fa6]
V  [jvm.dll+0x309546]
V  [jvm.dll+0x359d2e]
V  [jvm.dll+0x359f5f]
V  [jvm.dll+0x2d9078]
V  [jvm.dll+0x2d9fe4]
V  [jvm.dll+0x7aca21]
V  [jvm.dll+0x367591]
V  [jvm.dll+0x78b999]
V  [jvm.dll+0x3ec83f]
V  [jvm.dll+0x3ee471]
C  [jli.dll+0x5297]
C  [ucrtbase.dll+0x37b0]
C  [KERNEL32.DLL+0x2e8d7]
C  [ntdll.dll+0xb14fc]


---------------  P R O C E S S  ---------------

Threads class SMR info:
_java_thread_list=0x00007ffb87417a18, length=0, elements={
}

Java Threads: ( => current thread )

Other Threads:
  0x000001f748fc8800 GCTaskThread "GC Thread#0" [stack: 0x000000404f300000,0x000000404f400000] [id=41664]
  0x000001f748fda160 ConcurrentGCThread "G1 Main Marker" [stack: 0x000000404f400000,0x000000404f500000] [id=41528]
  0x000001f748fdb310 ConcurrentGCThread "G1 Conc#0" [stack: 0x000000404f500000,0x000000404f600000] [id=31844]

[error occurred during error reporting (printing all threads), id 0xc0000005, EXCEPTION_ACCESS_VIOLATION (0xc0000005) at pc=0x00007ffb86c49b67]

VM state: not at safepoint (not fully initialized)

VM Mutex/Monitor currently owned by a thread:  ([mutex/lock_event])
[0x000001f748f5b110] Heap_lock - owner thread: 0x000001f748f5f6c0

Heap address: 0x0000000702c00000, size: 4052 MB, Compressed Oops mode: Zero based, Oop shift amount: 3

CDS archive(s) mapped at: [0x0000000000000000-0x0000000000000000-0x0000000000000000), size 0, SharedBaseAddress: 0x0000000800000000, ArchiveRelocationMode: 1.
Narrow klass base: 0x0000000000000000, Narrow klass shift: 0, Narrow klass range: 0x0

GC Precious Log:
<Empty>

Heap:
 garbage-first heap   total 0K, used 0K [0x0000000702c00000, 0x0000000800000000)
  region size 2048K, 0 young (0K), 0 survivors (0K)

[error occurred during error reporting (printing heap information), id 0xc0000005, EXCEPTION_ACCESS_VIOLATION (0xc0000005) at pc=0x00007ffb87033859]

GC Heap History (0 events):
No events

Deoptimization events (0 events):
No events

Classes unloaded (0 events):
No events

Classes redefined (0 events):
No events

Internal exceptions (0 events):
No events

VM Operations (0 events):
No events

Events (1 events):
Event: 0.011 Loaded shared library C:\Program Files\Java\jdk-17\bin\java.dll


Dynamic libraries:
0x00007ff7fdb40000 - 0x00007ff7fdb50000 	C:\Program Files\Java\jdk-17\bin\java.exe
0x00007ffc10fa0000 - 0x00007ffc11200000 	C:\WINDOWS\SYSTEM32\ntdll.dll
0x00007ffc10210000 - 0x00007ffc102d7000 	C:\WINDOWS\System32\KERNEL32.DLL
0x00007ffc0e640000 - 0x00007ffc0ea0a000 	C:\WINDOWS\System32\KERNELBASE.dll
0x00007ffc0e2c0000 - 0x00007ffc0e40b000 	C:\WINDOWS\System32\ucrtbase.dll
0x00007ffbd0850000 - 0x00007ffbd0869000 	C:\Program Files\Java\jdk-17\bin\jli.dll
0x00007ffc0f230000 - 0x00007ffc0f2e2000 	C:\WINDOWS\System32\ADVAPI32.dll
0x00007ffbff4c0000 - 0x00007ffbff4db000 	C:\Program Files\Java\jdk-17\bin\VCRUNTIME140.dll
0x00007ffc10300000 - 0x00007ffc103a9000 	C:\WINDOWS\System32\msvcrt.dll
0x00007ffc0f2f0000 - 0x00007ffc0f396000 	C:\WINDOWS\System32\sechost.dll
0x00007ffc105a0000 - 0x00007ffc106b6000 	C:\WINDOWS\System32\RPCRT4.dll
0x00007ffc10c50000 - 0x00007ffc10e1c000 	C:\WINDOWS\System32\USER32.dll
0x00007ffbf6330000 - 0x00007ffbf65c7000 	C:\WINDOWS\WinSxS\amd64_microsoft.windows.common-controls_6595b64144ccf1df_6.0.26100.3624_none_3e086962e3345f24\COMCTL32.dll
0x00007ffc0ed70000 - 0x00007ffc0ed97000 	C:\WINDOWS\System32\win32u.dll
0x00007ffc0f6a0000 - 0x00007ffc0f6ca000 	C:\WINDOWS\System32\GDI32.dll
0x00007ffc0ea10000 - 0x00007ffc0eb41000 	C:\WINDOWS\System32\gdi32full.dll
0x00007ffc0e210000 - 0x00007ffc0e2b3000 	C:\WINDOWS\System32\msvcp_win.dll
0x00007ffc07bf0000 - 0x00007ffc07bfb000 	C:\WINDOWS\SYSTEM32\VERSION.dll
0x00007ffc0fe00000 - 0x00007ffc0fe2f000 	C:\WINDOWS\System32\IMM32.DLL
0x00007ffbff280000 - 0x00007ffbff28c000 	C:\Program Files\Java\jdk-17\bin\vcruntime140_1.dll
0x00007ffbce360000 - 0x00007ffbce3ee000 	C:\Program Files\Java\jdk-17\bin\msvcp140.dll
0x00007ffb86960000 - 0x00007ffb87540000 	C:\Program Files\Java\jdk-17\bin\server\jvm.dll
0x00007ffc10590000 - 0x00007ffc10598000 	C:\WINDOWS\System32\PSAPI.DLL
0x00007ffbff660000 - 0x00007ffbff696000 	C:\WINDOWS\SYSTEM32\WINMM.dll
0x00007ffbff4e0000 - 0x00007ffbff4ea000 	C:\WINDOWS\SYSTEM32\WSOCK32.dll
0x00007ffc10510000 - 0x00007ffc10584000 	C:\WINDOWS\System32\WS2_32.dll
0x00007ffc0d0b0000 - 0x00007ffc0d0ca000 	C:\WINDOWS\SYSTEM32\kernel.appcore.dll
0x00007ffbff1b0000 - 0x00007ffbff1ba000 	C:\Program Files\Java\jdk-17\bin\jimage.dll
0x00007ffbf9b60000 - 0x00007ffbf9da1000 	C:\WINDOWS\SYSTEM32\DBGHELP.DLL
0x00007ffc10840000 - 0x00007ffc10bc2000 	C:\WINDOWS\System32\combase.dll
0x00007ffc0f580000 - 0x00007ffc0f656000 	C:\WINDOWS\System32\OLEAUT32.dll
0x00007ffbf68b0000 - 0x00007ffbf68e9000 	C:\WINDOWS\SYSTEM32\dbgcore.DLL
0x00007ffc0ecd0000 - 0x00007ffc0ed69000 	C:\WINDOWS\System32\bcryptPrimitives.dll
0x00007ffbff200000 - 0x00007ffbff225000 	C:\Program Files\Java\jdk-17\bin\java.dll

dbghelp: loaded successfully - version: 4.0.5 - missing functions: none
symbol engine: initialized successfully - sym options: 0x614 - pdb path: .;C:\Program Files\Java\jdk-17\bin;C:\WINDOWS\SYSTEM32;C:\WINDOWS\WinSxS\amd64_microsoft.windows.common-controls_6595b64144ccf1df_6.0.26100.3624_none_3e086962e3345f24;C:\Program Files\Java\jdk-17\bin\server

VM Arguments:
jvm_args: -Dfile.encoding=UTF-8 --module-path=C:\Users\UDIT\OneDrive\Dokumen\NetBeansProjects\travel management system\build\classes 
java_command: travel.management.system.Login
java_class_path (initial): C:\Users\UDIT\OneDrive\Dokumen\NetBeansProjects\travel management system\build\classes
Launcher Type: SUN_STANDARD

[Global flags]
     intx CICompilerCount                          = 12                                        {product} {ergonomic}
     uint ConcGCThreads                            = 3                                         {product} {ergonomic}
     uint G1ConcRefinementThreads                  = 13                                        {product} {ergonomic}
   size_t G1HeapRegionSize                         = 2097152                                   {product} {ergonomic}
    uintx GCDrainStackTargetSize                   = 64                                        {product} {ergonomic}
   size_t InitialHeapSize                          = 266338304                                 {product} {ergonomic}
   size_t MarkStackSize                            = 4194304                                   {product} {ergonomic}
   size_t MaxHeapSize                              = 4248829952                                {product} {ergonomic}
   size_t MinHeapDeltaBytes                        = 2097152                                   {product} {ergonomic}
   size_t MinHeapSize                              = 8388608                                   {product} {ergonomic}
    uintx NonNMethodCodeHeapSize                   = 7602480                                {pd product} {ergonomic}
    uintx NonProfiledCodeHeapSize                  = 122027880                              {pd product} {ergonomic}
    uintx ProfiledCodeHeapSize                     = 122027880                              {pd product} {ergonomic}
    uintx ReservedCodeCacheSize                    = 251658240                              {pd product} {ergonomic}
     bool SegmentedCodeCache                       = true                                      {product} {ergonomic}
   size_t SoftMaxHeapSize                          = 4248829952                             {manageable} {ergonomic}
     bool UseCompressedClassPointers               = true                           {product lp64_product} {ergonomic}
     bool UseCompressedOops                        = true                           {product lp64_product} {ergonomic}
     bool UseG1GC                                  = true                                      {product} {ergonomic}
     bool UseLargePagesIndividualAllocation        = false                                  {pd product} {ergonomic}

Logging:
Log output configuration:
 #0: stdout all=warning uptime,level,tags
 #1: stderr all=off uptime,level,tags

Environment Variables:
PATH=C:\Program Files\Common Files\Oracle\Java\javapath;C:\WINDOWS\system32;C:\WINDOWS;C:\WINDOWS\System32\Wbem;C:\WINDOWS\System32\WindowsPowerShell\v1.0\;C:\WINDOWS\System32\OpenSSH\;C:\Program Files (x86)\NVIDIA Corporation\PhysX\Common;C:\Program Files\NVIDIA Corporation\NVIDIA NvDLISR;C:\Program Files\dotnet\;C:\gcc\bin;C:\Program Files\Git\cmd;C:\Program Files\Git\mingw64\bin;C:\Program Files\Git\usr\bin;C:\Program Files\MySQL\MySQL Shell 8.0\bin\;C:\Users\UDIT\AppData\Local\Programs\Python\Python313\Scripts\;C:\Users\UDIT\AppData\Local\Programs\Python\Python313\;C:\Users\UDIT\AppData\Local\Microsoft\WindowsApps;C:\Users\UDIT\AppData\Local\Programs\Microsoft VS Code\bin;;C:\Program Files\JetBrains\PyCharm Community Edition 2024.3.4\bin;
USERNAME=UDIT
OS=Windows_NT
PROCESSOR_IDENTIFIER=AMD64 Family 25 Model 68 Stepping 1, AuthenticAMD



---------------  S Y S T E M  ---------------

OS:
 Windows 11 , 64 bit Build 26100 (10.0.26100.3775)
OS uptime: 5 days 18:39 hours
Hyper-V role detected

CPU: total 16 (initial active 16) (16 cores per cpu, 2 threads per core) family 25 model 68 stepping 1 microcode 0xa404107, cx8, cmov, fxsr, ht, mmx, 3dnowpref, sse, sse2, sse3, ssse3, sse4a, sse4.1, sse4.2, popcnt, lzcnt, tsc, tscinvbit, avx, avx2, aes, erms, clmul, bmi1, bmi2, adx, sha, fma, vzeroupper, clflush, clflushopt, hv

Memory: 4k page, system-wide physical 16202M (5989M free)
TotalPageFile size 47843M (AvailPageFile size 196M)
current process WorkingSet (physical memory assigned to process): 12M, peak: 12M
current process commit charge ("private bytes"): 70M, peak: 324M

vm_info: Java HotSpot(TM) 64-Bit Server VM (17.0.12+8-LTS-286) for windows-amd64 JRE (17.0.12+8-LTS-286), built on Jun  5 2024 06:46:59 by "mach5one" with MS VC++ 17.6 (VS2022)

END.
